make --dry-run --keep-going --print-directory
make: Entering directory '/home/time/cub_test'
 
clang -c src/main.c -o src/main.o
clang -c src/utils/get_next_line_bonus.c -o src/utils/get_next_line_bonus.o
clang -c src/utils/updstate.c -o src/utils/updstate.o
clang -c src/utils/exit_msg.c -o src/utils/exit_msg.o
clang -c src/utils/utils.c -o src/utils/utils.o
clang -c src/utils/game_end.c -o src/utils/game_end.o
clang -c src/utils/next_map.c -o src/utils/next_map.o
clang -c src/map_option/map_option.c -o src/map_option/map_option.o
clang -c src/map_option/get_resolution.c -o src/map_option/get_resolution.o
clang -c src/map_option/get_sprite_files.c -o src/map_option/get_sprite_files.o
clang -c src/map_option/get_map.c -o src/map_option/get_map.o
clang -c src/map_option/open_textures.c -o src/map_option/open_textures.o
clang -c src/rendering/color.c -o src/rendering/color.o
clang -c src/rendering/draw_extern.c -o src/rendering/draw_extern.o
clang -c src/rendering/draw_get_dist.c -o src/rendering/draw_get_dist.o
clang -c src/rendering/draw.c -o src/rendering/draw.o
clang -c src/rendering/hook.c -o src/rendering/hook.o
clang -c src/rendering/hook_rotate.c -o src/rendering/hook_rotate.o
clang -c src/rendering/hook_move.c -o src/rendering/hook_move.o
clang -c src/rendering/hud_cross.c -o src/rendering/hud_cross.o
clang -c src/rendering/hud_life.c -o src/rendering/hud_life.o
clang -c src/rendering/hud_minimap.c -o src/rendering/hud_minimap.o
clang -c src/rendering/img.c -o src/rendering/img.o
clang -c src/rendering/start_mlx.c -o src/rendering/start_mlx.o
#@make all -C ./libft/
 
#@make all -C ./mlx_linux/
 
clang -Wall -Wextra -Werror src/main.o src/utils/get_next_line_bonus.o src/utils/updstate.o src/utils/exit_msg.o src/utils/utils.o src/utils/game_end.o src/utils/next_map.o src/map_option/map_option.o src/map_option/get_resolution.o src/map_option/get_sprite_files.o src/map_option/get_map.o src/map_option/open_textures.o src/rendering/color.o src/rendering/draw_extern.o src/rendering/draw_get_dist.o src/rendering/draw.o src/rendering/hook.o src/rendering/hook_rotate.o src/rendering/hook_move.o src/rendering/hud_cross.o src/rendering/hud_life.o src/rendering/hud_minimap.o src/rendering/img.o src/rendering/start_mlx.o ./libft/libft.a ./mlx_linux/libmlx.a -Lmlx_linux -lmlx_Linux -Imlx_linux -lXext -lX11 -lm -lz -o cub3D
echo "\033[36;1m"Compiled!"\033[0m"
make: Leaving directory '/home/time/cub_test'
 
