make all --print-data-base --no-builtin-variables --no-builtin-rules --question
# GNU Make 4.3
# Built for x86_64-unknown-linux-gnu
# Copyright (C) 1988-2020 Free Software Foundation, Inc.
# License GPLv3+: GNU GPL version 3 or later <http://gnu.org/licenses/gpl.html>
# This is free software: you are free to change and redistribute it.
# There is NO WARRANTY, to the extent permitted by law.

# Make data base, printed on Sun Jul 17 19:00:59 2022

# Variables

# makefile (from 'Makefile', line 15)
OBJ = $(SRC:%.c=%.o)
# environment
GDK_BACKEND = x11
# environment
LC_ALL = C
# makefile (from 'Makefile', line 13)
SRC = $(addprefix src/, $(SRC_LIST))
# environment
PULSE_SERVER = unix:/run/user/1000/pulse/native
# environment
GJS_DEBUG_OUTPUT = stderr
# environment
MANDATORY_PATH = /usr/share/gconf/cinnamon.mandatory.path
# environment
SBX_CHROME_API_RQ = 1
# environment
VSCODE_CWD = /home/rusmanov
# environment
GDM_LANG = ru
# default
MAKE_COMMAND := make
# environment
GTK3_MODULES = xapp-gtk3-module
# environment
QT_ACCESSIBILITY = 1
# automatic
@D = $(patsubst %/,%,$(dir $@))
# environment
VSCODE_HANDLES_UNCAUGHT_ERRORS = true
# default
.VARIABLES := 
# environment
PWD = /home/rusmanov/projects/cub3D
# automatic
%D = $(patsubst %/,%,$(dir $%))
# environment
GI_TYPELIB_PATH = /app/lib/girepository-1.0
# environment
XDG_DATA_DIRS = /app/share:/usr/share:/usr/share/runtime/share:/run/host/user-share:/run/host/share
# automatic
^D = $(patsubst %/,%,$(dir $^))
# automatic
%F = $(notdir $%)
# environment
VSCODE_CODE_CACHE_PATH = /home/rusmanov/.var/app/com.visualstudio.code/config/Code/CachedData/b06ae3b2d2dbfe28bca3134cc6be65935cdfea6a
# environment
XDG_SESSION_PATH = /org/freedesktop/DisplayManager/Session1
# makefile (from 'Makefile', line 17)
LIBFT = ./libft/libft.a
# environment
LANG = C
# environment
XAUTHORITY = /run/user/1000/Xauthority
# default
.LOADED := 
# default
.INCLUDE_DIRS = /usr/include /usr/include
# environment
ALSA_CONFIG_DIR = /usr/share/alsa
# makefile
MAKEFLAGS = pqrR
# environment
ZYPAK_SPAWN_LATEST_ON_REEXEC = 0
# makefile
CURDIR := /home/rusmanov/projects/cub3D
# makefile (from 'Makefile', line 23)
UNAME := Linux
# environment
APPLICATION_INSIGHTS_NO_DIAGNOSTIC_CHANNEL = true
# automatic
*D = $(patsubst %/,%,$(dir $*))
# environment
ZYPAK_LIB = /app/bin/../lib
# environment
MFLAGS = -pqrR
# environment
SSH_AUTH_SOCK = /run/user/1000/ssh-auth
# default
.SHELLFLAGS := -c
# environment
XDG_CONFIG_DIRS = /app/etc/xdg:/etc/xdg
# automatic
+D = $(patsubst %/,%,$(dir $+))
# environment
ALSA_CONFIG_PATH = /usr/share/alsa/alsa-flatpak.conf
# environment
XDG_SESSION_DESKTOP = cinnamon
# makefile (from 'Makefile', line 1)
MAKEFILE_LIST := Makefile
# environment
FLATPAK_SANDBOX_DIR = /home/rusmanov/.var/app/com.visualstudio.code/sandbox
# automatic
@F = $(notdir $@)
# environment
VSCODE_PID = 23
# environment
XDG_SESSION_TYPE = x11
# automatic
?D = $(patsubst %/,%,$(dir $?))
# makefile (from 'Makefile', line 9)
SRC_LIST = main.c utils/get_next_line_bonus.c map_option/map_option.c map_option/get_resolution.c 
# environment
AT_SPI_BUS_ADDRESS = unix:path=/run/user/1000/at-spi-bus
# makefile (from 'Makefile', line 5)
FLAGS = -Wall -Wextra -Werror
# environment
XDG_DATA_HOME = /home/rusmanov/.var/app/com.visualstudio.code/data
# environment
SANDBOX_LD_PRELOAD = /app/bin/../lib/libzypak-preload-host.so
# environment
SESSION_MANAGER = local/mint:@/tmp/.ICE-unix/12607,unix/mint:/tmp/.ICE-unix/12607
# automatic
*F = $(notdir $*)
# environment
QT_QPA_PLATFORMTHEME = qt5ct
# environment
CHROME_DESKTOP = code-url-handler.desktop
# environment
DBUS_SESSION_BUS_ADDRESS = unix:path=/run/user/1000/bus
# automatic
<D = $(patsubst %/,%,$(dir $<))
# environment
VSCODE_NLS_CONFIG = {"locale":"ru","availableLanguages":{},"_languagePackSupport":true}
# environment
__EGL_EXTERNAL_PLATFORM_CONFIG_DIRS = /etc/egl/egl_external_platform.d:/usr/lib/x86_64-linux-gnu/GL/egl/egl_external_platform.d:/usr/share/egl/egl_external_platform.d
# default
MAKE_HOST := x86_64-unknown-linux-gnu
# environment
GNOME_DESKTOP_SESSION_ID = this-is-deprecated
# makefile
SHELL = /bin/sh
# default
MAKECMDGOALS := all
# environment
LD_LIBRARY_PATH = /app/lib
# environment
GJS_DEBUG_TOPICS = JS ERROR;JS LOG
# environment
SANDBOX_LD_LIBRARY_PATH = /app/lib
# environment
SHLVL = 0
# environment
MAKELEVEL := 0
# default
MAKE = $(MAKE_COMMAND)
# environment
PATH = /app/bin:/app/bin:/app/bin:/usr/bin:/home/rusmanov/.var/app/com.visualstudio.code/data/node_modules/bin
# default
MAKEFILES := 
# environment
LANGUAGE = ru
# makefile (from 'Makefile', line 20)
MAC_FLAGS = -framework OpenGL -framework AppKit
# automatic
^F = $(notdir $^)
# environment
DBUS_SYSTEM_BUS_ADDRESS = unix:path=/run/dbus/system_bus_socket
# makefile (from 'Makefile', line 7)
HEADER = ./includes/cub3D.h
# environment
CINNAMON_VERSION = 5.0.7
# environment
XDG_CONFIG_HOME = /home/rusmanov/.var/app/com.visualstudio.code/config
# makefile (from 'Makefile', line 19)
MLX = libmlx.a
# automatic
?F = $(notdir $?)
# makefile (from 'Makefile', line 1)
NAME = cub3D
# environment
XDG_SEAT = seat0
# environment
XDG_CURRENT_DESKTOP = X-Cinnamon
# automatic
+F = $(notdir $+)
# environment
XDG_SEAT_PATH = /org/freedesktop/DisplayManager/Seat0
# environment
DESKTOP_SESSION = cinnamon
# environment
GST_PLUGIN_SYSTEM_PATH = /app/lib/gstreamer-1.0:/usr/lib/extensions/gstreamer-1.0:/usr/lib/x86_64-linux-gnu/gstreamer-1.0
# environment
ORIGINAL_XDG_CURRENT_DESKTOP = X-Cinnamon
# 'override' directive
GNUMAKEFLAGS := 
# environment
LOGNAME = rusmanov
# environment
GIO_LAUNCHED_DESKTOP_FILE = /usr/share/applications/mintinstall.desktop
# environment
XDG_VTNR = 7
# makefile
.DEFAULT_GOAL := all
# environment
NPM_CONFIG_GLOBALCONFIG = /app/etc/npmrc
# environment
GTK_MODULES = gail:atk-bridge
# environment
USER = rusmanov
# environment
DISPLAY = :99.0
# environment
DEFAULTS_PATH = /usr/share/gconf/cinnamon.default.path
# default
MAKE_VERSION := 4.3
# 'override' directive
.SHELLSTATUS := 0
# environment
GIO_LAUNCHED_DESKTOP_FILE_PID = 28728
# environment
SSH_AGENT_PID = 12679
# environment
_ = /usr/bin/make
# environment
XDG_RUNTIME_DIR = /run/user/1000
# makefile (from 'Makefile', line 21)
 
LINUX_FLAGS = -Lmlx_linux -lmlx_Linux -Imlx_linux -lXext -lX11 -lm -lz
# environment
GPG_AGENT_INFO = /run/user/1000/gnupg/S.gpg-agent:0:1
# environment
PULSE_CLIENTCONFIG = /run/user/1000/pulse/config
# environment
GTK_OVERLAY_SCROLLING = 1
# environment
XDG_SESSION_CLASS = user
# environment
VSCODE_AMD_ENTRYPOINT = vs/workbench/api/node/extensionHostProcess
# environment
HOME = /home/rusmanov
# environment
ELECTRON_RUN_AS_NODE = 1
# environment
VSCODE_IPC_HOOK = /run/user/1000/vscode-1f2f358a-1.69.1-main.sock
# environment
XDG_SESSION_ID = c6
# default
.RECIPEPREFIX := 
# automatic
<F = $(notdir $<)
# default
SUFFIXES := 
# environment
XDG_CACHE_HOME = /home/rusmanov/.var/app/com.visualstudio.code/cache
# environment
VSCODE_CLI = 1
# environment
ELECTRON_NO_ATTACH_CONSOLE = 1
# environment
XDG_GREETER_DATA_DIR = /var/lib/lightdm-data/rusmanov
# default
.FEATURES := target-specific order-only second-expansion else-if shortest-stem undefine oneshell nocomment grouped-target extra-prereqs archives jobserver output-sync check-symlink load
# makefile (from 'Makefile', line 3)
CC = gcc
# environment
FLATPAK_ID = com.visualstudio.code
# environment
ZYPAK_BIN = /app/bin
# environment
GDMSESSION = cinnamon
# variable set hash-table stats:
# Load=130/1024=13%, Rehash=0, Collisions=17/174=10%

# Pattern-specific Variable Values

# No pattern-specific variable values.

# Directories

# src (device 64769, inode 13503229): 3 files, no impossibilities so far.
# . (device 64769, inode 12859471): 12 files, no impossibilities.

# 15 files, no impossibilities in 2 directories.

# Implicit Rules

%.o: %.c
#  recipe to execute (from 'Makefile', line 41):
	@$(CC) -c $< -o $@

# 1 implicit rules, 0 (0.0%) terminal.
# Files

# Not a target:
src/map_option/get_resolution.o:
#  Implicit rule search has not been done.
#  Modification time never checked.
#  File has not been updated.

# Not a target:
Makefile:
#  Implicit rule search has been done.
#  Last modified 2022-07-15 20:09:07.464401342
#  File has been updated.
#  Successfully updated.

# Not a target:
src/map_option/map_option.o:
#  Implicit rule search has not been done.
#  Modification time never checked.
#  File has not been updated.

clean:
#  Phony target (prerequisite of .PHONY).
#  Implicit rule search has not been done.
#  File does not exist.
#  File has not been updated.
#  recipe to execute (from 'Makefile', line 44):
	@#@$(MAKE) clean -C $(dir $(LIBFT))
	@rm -rf $(OBJ)
	@echo "\033[1;35m"Cleaned!"\033[0m"
		

# Not a target:
src/main.c:
#  Implicit rule search has been done.
#  Last modified 2022-07-15 20:52:21.541709989
#  File has been updated.
#  Successfully updated.

re: fclean all
#  Phony target (prerequisite of .PHONY).
#  Implicit rule search has not been done.
#  File does not exist.
#  File has not been updated.

# Not a target:
includes/cub3D.h:
#  Implicit rule search has not been done.
#  Modification time never checked.
#  File has not been updated.

src/main.o: src/main.c
#  Implicit rule search has been done.
#  Implicit/static pattern stem: 'src/main'
#  File does not exist.
#  File has been updated.
#  Needs to be updated (-q is set).
# automatic
# @ := src/main.o
# automatic
# * := src/main
# automatic
# < := src/main.c
# automatic
# + := src/main.c
# automatic
# % := 
# automatic
# ^ := src/main.c
# automatic
# ? := src/main.c
# automatic
# | := 
# variable set hash-table stats:
# Load=8/32=25%, Rehash=0, Collisions=2/14=14%
#  recipe to execute (from 'Makefile', line 41):
	@$(CC) -c $< -o $@

# Not a target:
.DEFAULT:
#  Implicit rule search has not been done.
#  Modification time never checked.
#  File has not been updated.

all: cub3D
#  Phony target (prerequisite of .PHONY).
#  Command line target.
#  Implicit rule search has not been done.
#  File does not exist.
#  File has been updated.
#  Needs to be updated (-q is set).
# variable set hash-table stats:
# Load=0/32=0%, Rehash=0, Collisions=0/4=0%

fclean: clean
#  Phony target (prerequisite of .PHONY).
#  Implicit rule search has not been done.
#  File does not exist.
#  File has not been updated.
#  recipe to execute (from 'Makefile', line 49):
	@#@$(MAKE) fclean -C $(dir $(LIBFT))
	@#@$(MAKE) clean -C ./mlx_linux/
	@rm -rf $(NAME)
	@echo "\033[1;34m"Full cleaned!"\033[0m"

# Not a target:
src/utils/get_next_line_bonus.o:
#  Implicit rule search has not been done.
#  Modification time never checked.
#  File has not been updated.

cub3D: src/main.o src/utils/get_next_line_bonus.o src/map_option/map_option.o src/map_option/get_resolution.o includes/cub3D.h
#  Implicit rule search has not been done.
#  File does not exist.
#  File has been updated.
#  Needs to be updated (-q is set).
# variable set hash-table stats:
# Load=0/32=0%, Rehash=0, Collisions=0/4=0%
#  recipe to execute (from 'Makefile', line 28):
	@#@$(MAKE) all -C $(dir $(LIBFT))
	@#@$(MAKE) all -C ./mlx_linux/
	@$(CC) $(FLAGS) $(OBJ) $(LIBFT) ./mlx_linux/$(MLX) $(LINUX_FLAGS) -o $(NAME)
	@echo "\033[36;1m"Compiled!"\033[0m"

.PHONY: all clean fclean re
#  Implicit rule search has not been done.
#  Modification time never checked.
#  File has not been updated.

# files hash-table stats:
# Load=15/1024=1%, Rehash=0, Collisions=0/43=0%
# VPATH Search Paths

# No 'vpath' search paths.

# No general ('VPATH' variable) search path.

# strcache buffers: 1 (0) / strings = 33 / storage = 321 B / avg = 9 B
# current buf: size = 8162 B / used = 321 B / count = 33 / avg = 9 B

# strcache performance: lookups = 54 / hit rate = 38%
# hash-table stats:
# Load=33/8192=0%, Rehash=0, Collisions=0/54=0%
# Finished Make data base on Sun Jul 17 19:00:59 2022

 
